[0m14:28:43.264755 [debug] [MainThread]: Sending event: {'category': 'dbt', 'action': 'invocation', 'label': 'start', 'context': [<snowplow_tracker.self_describing_json.SelfDescribingJson object at 0x000001A86C1F2FB0>, <snowplow_tracker.self_describing_json.SelfDescribingJson object at 0x000001A86EA14190>, <snowplow_tracker.self_describing_json.SelfDescribingJson object at 0x000001A86EA148B0>]}


============================== 14:28:43.274118 | 3d8a9c3a-33ef-471b-870d-d06050a0e00a ==============================
[0m14:28:43.274118 [info ] [MainThread]: Running with dbt=1.7.9
[0m14:28:43.275066 [debug] [MainThread]: running dbt with arguments {'printer_width': '80', 'indirect_selection': 'eager', 'write_json': 'True', 'log_cache_events': 'False', 'partial_parse': 'True', 'cache_selected_only': 'False', 'profiles_dir': 'C:\\Users\\agubasho\\.dbt', 'debug': 'False', 'fail_fast': 'False', 'log_path': 'logs', 'version_check': 'True', 'warn_error': 'None', 'use_colors': 'True', 'use_experimental_parser': 'False', 'no_print': 'None', 'quiet': 'False', 'warn_error_options': 'WarnErrorOptions(include=[], exclude=[])', 'introspect': 'True', 'invocation_command': 'dbt init demo_dbt', 'log_format': 'default', 'target_path': 'None', 'static_parser': 'True', 'send_anonymous_usage_stats': 'True'}
[0m14:28:43.276153 [warn ] [MainThread]: [ConfigFolderDirectory]: Unable to parse dict {'dir': WindowsPath('C:/Users/agubasho/.dbt')}
[0m14:28:43.277115 [info ] [MainThread]: Creating dbt configuration folder at 
[0m14:28:43.280142 [debug] [MainThread]: Starter project path: C:\Users\agubasho\my-envs\dbt_sandbox\lib\site-packages\dbt\include\starter_project
[0m14:28:43.351992 [info ] [MainThread]: 
Your new dbt project "demo_dbt" was created!

For more information on how to configure the profiles.yml file,
please consult the dbt documentation here:

  https://docs.getdbt.com/docs/configure-your-profile

One more thing:

Need help? Don't hesitate to reach out to us via GitHub issues or on Slack:

  https://community.getdbt.com/

Happy modeling!

[0m14:28:43.353995 [info ] [MainThread]: Setting up your profile.
[0m14:28:53.658868 [info ] [MainThread]: No sample profile found for sqlserver.
[0m14:28:53.661870 [debug] [MainThread]: Command `dbt init` succeeded at 14:28:53.660870 after 10.43 seconds
[0m14:28:53.662869 [debug] [MainThread]: Sending event: {'category': 'dbt', 'action': 'invocation', 'label': 'end', 'context': [<snowplow_tracker.self_describing_json.SelfDescribingJson object at 0x000001A86C1F2FB0>, <snowplow_tracker.self_describing_json.SelfDescribingJson object at 0x000001A8681EEAA0>, <snowplow_tracker.self_describing_json.SelfDescribingJson object at 0x000001A86EA149D0>]}
[0m14:28:53.663872 [debug] [MainThread]: Flushing usage events
[0m14:28:54.109653 [debug] [MainThread]: Error sending anonymous usage statistics. Disabling tracking for this execution. If you wish to permanently disable tracking, see: https://docs.getdbt.com/reference/global-configs#send-anonymous-usage-stats.
